# JRE version: Java(TM) SE Runtime Environment (7.0_40-b43) (build 1.7.0_40-b43)
# Java VM: Java HotSpot(TM) 64-Bit Server VM (24.0-b56 mixed mode linux-amd64 compressed oops)
Heap
 PSYoungGen      total 76800K, used 60938K [0x00000007aaa80000, 0x00000007b0000000, 0x0000000800000000)
  eden space 66048K, 76% used [0x00000007aaa80000,0x00000007adb8a000,0x00000007aeb00000)
  from space 10752K, 99% used [0x00000007af580000,0x00000007afff8880,0x00000007b0000000)
  to   space 10752K, 0% used [0x00000007aeb00000,0x00000007aeb00000,0x00000007af580000)
 ParOldGen       total 175104K, used 9768K [0x0000000700000000, 0x000000070ab00000, 0x00000007aaa80000)
  object space 175104K, 5% used [0x0000000700000000,0x000000070098a288,0x000000070ab00000)
 PSPermGen       total 22016K, used 21537K [0x00000006fae00000, 0x00000006fc380000, 0x0000000700000000)
  object space 22016K, 97% used [0x00000006fae00000,0x00000006fc3087d8,0x00000006fc380000)
GC Heap History (8 events):
Event: 4.816 GC heap before
{Heap before GC invocations=1 (full 0):
 PSYoungGen      total 76800K, used 66048K [0x00000007aaa80000, 0x00000007b0000000, 0x0000000800000000)
  eden space 66048K, 100% used [0x00000007aaa80000,0x00000007aeb00000,0x00000007aeb00000)
  from space 10752K, 0% used [0x00000007af580000,0x00000007af580000,0x00000007b0000000)
  to   space 10752K, 0% used [0x00000007aeb00000,0x00000007aeb00000,0x00000007af580000)
 ParOldGen       total 175104K, used 0K [0x0000000700000000, 0x000000070ab00000, 0x00000007aaa80000)
  object space 175104K, 0% used [0x0000000700000000,0x0000000700000000,0x000000070ab00000)
 PSPermGen       total 21504K, used 20008K [0x00000006fae00000, 0x00000006fc300000, 0x0000000700000000)
  object space 21504K, 93% used [0x00000006fae00000,0x00000006fc18a340,0x00000006fc300000)
Event: 4.827 GC heap after
Heap after GC invocations=1 (full 0):
 PSYoungGen      total 76800K, used 10745K [0x00000007aaa80000, 0x00000007b0000000, 0x0000000800000000)
  eden space 66048K, 0% used [0x00000007aaa80000,0x00000007aaa80000,0x00000007aeb00000)
  from space 10752K, 99% used [0x00000007aeb00000,0x00000007af57e5a0,0x00000007af580000)
  to   space 10752K, 0% used [0x00000007af580000,0x00000007af580000,0x00000007b0000000)
 ParOldGen       total 175104K, used 9672K [0x0000000700000000, 0x000000070ab00000, 0x00000007aaa80000)
  object space 175104K, 5% used [0x0000000700000000,0x0000000700972288,0x000000070ab00000)
 PSPermGen       total 21504K, used 20008K [0x00000006fae00000, 0x00000006fc300000, 0x0000000700000000)
  object space 21504K, 93% used [0x00000006fae00000,0x00000006fc18a340,0x00000006fc300000)
}
Event: 5.307 GC heap before
{Heap before GC invocations=2 (full 0):
 PSYoungGen      total 76800K, used 76793K [0x00000007aaa80000, 0x00000007b0000000, 0x0000000800000000)
  eden space 66048K, 100% used [0x00000007aaa80000,0x00000007aeb00000,0x00000007aeb00000)
  from space 10752K, 99% used [0x00000007aeb00000,0x00000007af57e5a0,0x00000007af580000)
  to   space 10752K, 0% used [0x00000007af580000,0x00000007af580000,0x00000007b0000000)
 ParOldGen       total 175104K, used 9672K [0x0000000700000000, 0x000000070ab00000, 0x00000007aaa80000)
  object space 175104K, 5% used [0x0000000700000000,0x0000000700972288,0x000000070ab00000)
 PSPermGen       total 21504K, used 20009K [0x00000006fae00000, 0x00000006fc300000, 0x0000000700000000)
  object space 21504K, 93% used [0x00000006fae00000,0x00000006fc18a7b8,0x00000006fc300000)
Event: 5.313 GC heap after
Heap after GC invocations=2 (full 0):
 PSYoungGen      total 76800K, used 10729K [0x00000007aaa80000, 0x00000007b0000000, 0x0000000800000000)
  eden space 66048K, 0% used [0x00000007aaa80000,0x00000007aaa80000,0x00000007aeb00000)
  from space 10752K, 99% used [0x00000007af580000,0x00000007afffa5b0,0x00000007b0000000)
  to   space 10752K, 0% used [0x00000007aeb00000,0x00000007aeb00000,0x00000007af580000)
 ParOldGen       total 175104K, used 9704K [0x0000000700000000, 0x000000070ab00000, 0x00000007aaa80000)
  object space 175104K, 5% used [0x0000000700000000,0x000000070097a288,0x000000070ab00000)
 PSPermGen       total 21504K, used 20009K [0x00000006fae00000, 0x00000006fc300000, 0x0000000700000000)
  object space 21504K, 93% used [0x00000006fae00000,0x00000006fc18a7b8,0x00000006fc300000)
}
Event: 5.797 GC heap before
{Heap before GC invocations=3 (full 0):
 PSYoungGen      total 76800K, used 76777K [0x00000007aaa80000, 0x00000007b0000000, 0x0000000800000000)
  eden space 66048K, 100% used [0x00000007aaa80000,0x00000007aeb00000,0x00000007aeb00000)
  from space 10752K, 99% used [0x00000007af580000,0x00000007afffa5b0,0x00000007b0000000)
  to   space 10752K, 0% used [0x00000007aeb00000,0x00000007aeb00000,0x00000007af580000)
 ParOldGen       total 175104K, used 9704K [0x0000000700000000, 0x000000070ab00000, 0x00000007aaa80000)
  object space 175104K, 5% used [0x0000000700000000,0x000000070097a288,0x000000070ab00000)
 PSPermGen       total 21504K, used 20009K [0x00000006fae00000, 0x00000006fc300000, 0x0000000700000000)
  object space 21504K, 93% used [0x00000006fae00000,0x00000006fc18a7b8,0x00000006fc300000)
Event: 5.803 GC heap after
Heap after GC invocations=3 (full 0):
 PSYoungGen      total 76800K, used 10729K [0x00000007aaa80000, 0x00000007b0000000, 0x0000000800000000)
  eden space 66048K, 0% used [0x00000007aaa80000,0x00000007aaa80000,0x00000007aeb00000)
  from space 10752K, 99% used [0x00000007aeb00000,0x00000007af57a5b0,0x00000007af580000)
  to   space 10752K, 0% used [0x00000007af580000,0x00000007af580000,0x00000007b0000000)
 ParOldGen       total 175104K, used 9736K [0x0000000700000000, 0x000000070ab00000, 0x00000007aaa80000)
  object space 175104K, 5% used [0x0000000700000000,0x0000000700982288,0x000000070ab00000)
 PSPermGen       total 21504K, used 20009K [0x00000006fae00000, 0x00000006fc300000, 0x0000000700000000)
  object space 21504K, 93% used [0x00000006fae00000,0x00000006fc18a7b8,0x00000006fc300000)
}
Event: 6.344 GC heap before
{Heap before GC invocations=4 (full 0):
 PSYoungGen      total 76800K, used 76777K [0x00000007aaa80000, 0x00000007b0000000, 0x0000000800000000)
  eden space 66048K, 100% used [0x00000007aaa80000,0x00000007aeb00000,0x00000007aeb00000)
  from space 10752K, 99% used [0x00000007aeb00000,0x00000007af57a5b0,0x00000007af580000)
  to   space 10752K, 0% used [0x00000007af580000,0x00000007af580000,0x00000007b0000000)
 ParOldGen       total 175104K, used 9736K [0x0000000700000000, 0x000000070ab00000, 0x00000007aaa80000)
  object space 175104K, 5% used [0x0000000700000000,0x0000000700982288,0x000000070ab00000)
 PSPermGen       total 21504K, used 20009K [0x00000006fae00000, 0x00000006fc300000, 0x0000000700000000)
  object space 21504K, 93% used [0x00000006fae00000,0x00000006fc18a7b8,0x00000006fc300000)
Event: 6.349 GC heap after
Heap after GC invocations=4 (full 0):
 PSYoungGen      total 76800K, used 10722K [0x00000007aaa80000, 0x00000007b0000000, 0x0000000800000000)
  eden space 66048K, 0% used [0x00000007aaa80000,0x00000007aaa80000,0x00000007aeb00000)
  from space 10752K, 99% used [0x00000007af580000,0x00000007afff8880,0x00000007b0000000)
  to   space 10752K, 0% used [0x00000007aeb00000,0x00000007aeb00000,0x00000007af580000)
 ParOldGen       total 175104K, used 9768K [0x0000000700000000, 0x000000070ab00000, 0x00000007aaa80000)
  object space 175104K, 5% used [0x0000000700000000,0x000000070098a288,0x000000070ab00000)
 PSPermGen       total 21504K, used 20009K [0x00000006fae00000, 0x00000006fc300000, 0x0000000700000000)
  object space 21504K, 93% used [0x00000006fae00000,0x00000006fc18a7b8,0x00000006fc300000)
}

