# JRE version: Java(TM) SE Runtime Environment (8.0_60-b27) (build 1.8.0_60-b27)
# Java VM: Java HotSpot(TM) 64-Bit Server VM (25.60-b23 mixed mode linux-amd64 compressed oops)
Heap:
 PSYoungGen      total 301056K, used 104070K [0x000000076cd00000, 0x0000000781b80000, 0x00000007c0000000)
  eden space 269824K, 38% used [0x000000076cd00000,0x00000007731cae58,0x000000077d480000)
  from space 31232K, 2% used [0x000000077fd00000,0x000000077fdd6c40,0x0000000781b80000)
  to   space 36352K, 0% used [0x000000077d480000,0x000000077d480000,0x000000077f800000)
 ParOldGen       total 100352K, used 58309K [0x00000006c6600000, 0x00000006cc800000, 0x000000076cd00000)
  object space 100352K, 58% used [0x00000006c6600000,0x00000006c9ef1410,0x00000006cc800000)
 Metaspace       used 25740K, capacity 25978K, committed 26416K, reserved 1073152K
  class space    used 2430K, capacity 2510K, committed 2608K, reserved 1048576K
GC Heap History (10 events):
Event: 9.054 GC heap before
{Heap before GC invocations=5 (full 1):
 PSYoungGen      total 74752K, used 67252K [0x000000076cd00000, 0x0000000774c00000, 0x00000007c0000000)
  eden space 64512K, 88% used [0x000000076cd00000,0x00000007704b1fc0,0x0000000770c00000)
  from space 10240K, 99% used [0x0000000770c00000,0x00000007715fb0a0,0x0000000771600000)
  to   space 10240K, 0% used [0x0000000774200000,0x0000000774200000,0x0000000774c00000)
 ParOldGen       total 100352K, used 36310K [0x00000006c6600000, 0x00000006cc800000, 0x000000076cd00000)
  object space 100352K, 36% used [0x00000006c6600000,0x00000006c89759f0,0x00000006cc800000)
 Metaspace       used 24726K, capacity 24912K, committed 25264K, reserved 1073152K
  class space    used 2322K, capacity 2375K, committed 2480K, reserved 1048576K
Event: 9.064 GC heap after
Heap after GC invocations=5 (full 1):
 PSYoungGen      total 116224K, used 10217K [0x000000076cd00000, 0x0000000774c00000, 0x00000007c0000000)
  eden space 105984K, 0% used [0x000000076cd00000,0x000000076cd00000,0x0000000773480000)
  from space 10240K, 99% used [0x0000000774200000,0x0000000774bfa5c8,0x0000000774c00000)
  to   space 10240K, 0% used [0x0000000773800000,0x0000000773800000,0x0000000774200000)
 ParOldGen       total 100352K, used 49273K [0x00000006c6600000, 0x00000006cc800000, 0x000000076cd00000)
  object space 100352K, 49% used [0x00000006c6600000,0x00000006c961e480,0x00000006cc800000)
 Metaspace       used 24726K, capacity 24912K, committed 25264K, reserved 1073152K
  class space    used 2322K, capacity 2375K, committed 2480K, reserved 1048576K
}
Event: 22.930 GC heap before
{Heap before GC invocations=6 (full 1):
 PSYoungGen      total 116224K, used 116201K [0x000000076cd00000, 0x0000000774c00000, 0x00000007c0000000)
  eden space 105984K, 100% used [0x000000076cd00000,0x0000000773480000,0x0000000773480000)
  from space 10240K, 99% used [0x0000000774200000,0x0000000774bfa5c8,0x0000000774c00000)
  to   space 10240K, 0% used [0x0000000773800000,0x0000000773800000,0x0000000774200000)
 ParOldGen       total 100352K, used 49273K [0x00000006c6600000, 0x00000006cc800000, 0x000000076cd00000)
  object space 100352K, 49% used [0x00000006c6600000,0x00000006c961e480,0x00000006cc800000)
 Metaspace       used 25686K, capacity 25876K, committed 26032K, reserved 1073152K
  class space    used 2426K, capacity 2477K, committed 2480K, reserved 1048576K
Event: 22.939 GC heap after
Heap after GC invocations=6 (full 1):
 PSYoungGen      total 119808K, used 9795K [0x000000076cd00000, 0x000000077bb00000, 0x00000007c0000000)
  eden space 109568K, 0% used [0x000000076cd00000,0x000000076cd00000,0x0000000773800000)
  from space 10240K, 95% used [0x0000000773800000,0x0000000774190d90,0x0000000774200000)
  to   space 38400K, 0% used [0x0000000779580000,0x0000000779580000,0x000000077bb00000)
 ParOldGen       total 100352K, used 49281K [0x00000006c6600000, 0x00000006cc800000, 0x000000076cd00000)
  object space 100352K, 49% used [0x00000006c6600000,0x00000006c9620480,0x00000006cc800000)
 Metaspace       used 25686K, capacity 25876K, committed 26032K, reserved 1073152K
  class space    used 2426K, capacity 2477K, committed 2480K, reserved 1048576K
}
Event: 23.504 GC heap before
{Heap before GC invocations=7 (full 1):
 PSYoungGen      total 119808K, used 119363K [0x000000076cd00000, 0x000000077bb00000, 0x00000007c0000000)
  eden space 109568K, 100% used [0x000000076cd00000,0x0000000773800000,0x0000000773800000)
  from space 10240K, 95% used [0x0000000773800000,0x0000000774190d90,0x0000000774200000)
  to   space 38400K, 0% used [0x0000000779580000,0x0000000779580000,0x000000077bb00000)
 ParOldGen       total 100352K, used 49281K [0x00000006c6600000, 0x00000006cc800000, 0x000000076cd00000)
  object space 100352K, 49% used [0x00000006c6600000,0x00000006c9620480,0x00000006cc800000)
 Metaspace       used 25691K, capacity 25882K, committed 26032K, reserved 1073152K
  class space    used 2427K, capacity 2478K, committed 2480K, reserved 1048576K
Event: 23.519 GC heap after
Heap after GC invocations=7 (full 1):
 PSYoungGen      total 206336K, used 9796K [0x000000076cd00000, 0x000000077c400000, 0x00000007c0000000)
  eden space 167936K, 0% used [0x000000076cd00000,0x000000076cd00000,0x0000000777100000)
  from space 38400K, 25% used [0x0000000779580000,0x0000000779f111e8,0x000000077bb00000)
  to   space 37376K, 0% used [0x0000000777100000,0x0000000777100000,0x0000000779580000)
 ParOldGen       total 100352K, used 49289K [0x00000006c6600000, 0x00000006cc800000, 0x000000076cd00000)
  object space 100352K, 49% used [0x00000006c6600000,0x00000006c9622480,0x00000006cc800000)
 Metaspace       used 25691K, capacity 25882K, committed 26032K, reserved 1073152K
  class space    used 2427K, capacity 2478K, committed 2480K, reserved 1048576K
}
Event: 24.374 GC heap before
{Heap before GC invocations=8 (full 1):
 PSYoungGen      total 206336K, used 177732K [0x000000076cd00000, 0x000000077c400000, 0x00000007c0000000)
  eden space 167936K, 100% used [0x000000076cd00000,0x0000000777100000,0x0000000777100000)
  from space 38400K, 25% used [0x0000000779580000,0x0000000779f111e8,0x000000077bb00000)
  to   space 37376K, 0% used [0x0000000777100000,0x0000000777100000,0x0000000779580000)
 ParOldGen       total 100352K, used 49289K [0x00000006c6600000, 0x00000006cc800000, 0x000000076cd00000)
  object space 100352K, 49% used [0x00000006c6600000,0x00000006c9622480,0x00000006cc800000)
 Metaspace       used 25713K, capacity 25946K, committed 26288K, reserved 1073152K
  class space    used 2427K, capacity 2478K, committed 2480K, reserved 1048576K
Event: 24.392 GC heap after
Heap after GC invocations=8 (full 1):
 PSYoungGen      total 205312K, used 9875K [0x000000076cd00000, 0x0000000782000000, 0x00000007c0000000)
  eden space 167936K, 0% used [0x000000076cd00000,0x000000076cd00000,0x0000000777100000)
  from space 37376K, 26% used [0x0000000777100000,0x0000000777aa4d80,0x0000000779580000)
  to   space 35840K, 0% used [0x000000077fd00000,0x000000077fd00000,0x0000000782000000)
 ParOldGen       total 100352K, used 49297K [0x00000006c6600000, 0x00000006cc800000, 0x000000076cd00000)
  object space 100352K, 49% used [0x00000006c6600000,0x00000006c9624480,0x00000006cc800000)
 Metaspace       used 25713K, capacity 25946K, committed 26288K, reserved 1073152K
  class space    used 2427K, capacity 2478K, committed 2480K, reserved 1048576K
}
Event: 25.291 GC heap before
{Heap before GC invocations=9 (full 1):
 PSYoungGen      total 205312K, used 177811K [0x000000076cd00000, 0x0000000782000000, 0x00000007c0000000)
  eden space 167936K, 100% used [0x000000076cd00000,0x0000000777100000,0x0000000777100000)
  from space 37376K, 26% used [0x0000000777100000,0x0000000777aa4d80,0x0000000779580000)
  to   space 35840K, 0% used [0x000000077fd00000,0x000000077fd00000,0x0000000782000000)
 ParOldGen       total 100352K, used 49297K [0x00000006c6600000, 0x00000006cc800000, 0x000000076cd00000)
  object space 100352K, 49% used [0x00000006c6600000,0x00000006c9624480,0x00000006cc800000)
 Metaspace       used 25713K, capacity 25946K, committed 26288K, reserved 1073152K
  class space    used 2427K, capacity 2478K, committed 2480K, reserved 1048576K
Event: 25.298 GC heap after
Heap after GC invocations=9 (full 1):
 PSYoungGen      total 301056K, used 859K [0x000000076cd00000, 0x0000000781b80000, 0x00000007c0000000)
  eden space 269824K, 0% used [0x000000076cd00000,0x000000076cd00000,0x000000077d480000)
  from space 31232K, 2% used [0x000000077fd00000,0x000000077fdd6c40,0x0000000781b80000)
  to   space 36352K, 0% used [0x000000077d480000,0x000000077d480000,0x000000077f800000)
 ParOldGen       total 100352K, used 58309K [0x00000006c6600000, 0x00000006cc800000, 0x000000076cd00000)
  object space 100352K, 58% used [0x00000006c6600000,0x00000006c9ef1410,0x00000006cc800000)
 Metaspace       used 25713K, capacity 25946K, committed 26288K, reserved 1073152K
  class space    used 2427K, capacity 2478K, committed 2480K, reserved 1048576K
}

