# JRE version: Java(TM) SE Runtime Environment (7.0_40-b43) (build 1.7.0_40-b43)
# Java VM: Java HotSpot(TM) 64-Bit Server VM (24.0-b56 mixed mode linux-amd64 compressed oops)
Heap
 PSYoungGen      total 571392K, used 118611K [0x00000007acc80000, 0x00000007d9700000, 0x0000000800000000)
  eden space 449024K, 17% used [0x00000007acc80000,0x00000007b1b02170,0x00000007c8300000)
  from space 122368K, 31% used [0x00000007d1f80000,0x00000007d44d2ab0,0x00000007d9700000)
  to   space 141312K, 0% used [0x00000007c8300000,0x00000007c8300000,0x00000007d0d00000)
 ParOldGen       total 529408K, used 413428K [0x0000000706600000, 0x0000000726b00000, 0x00000007acc80000)
  object space 529408K, 78% used [0x0000000706600000,0x000000071f9bd3d8,0x0000000726b00000)
 PSPermGen       total 52224K, used 23597K [0x0000000701400000, 0x0000000704700000, 0x0000000706600000)
  object space 52224K, 45% used [0x0000000701400000,0x0000000702b0b5c0,0x0000000704700000)
GC Heap History (10 events):
Event: 6.516 GC heap before
{Heap before GC invocations=12 (full 1):
 PSYoungGen      total 377856K, used 371018K [0x00000007acc80000, 0x00000007cb380000, 0x0000000800000000)
  eden space 293888K, 100% used [0x00000007acc80000,0x00000007beb80000,0x00000007beb80000)
  from space 83968K, 91% used [0x00000007c4880000,0x00000007c93d28c0,0x00000007c9a80000)
  to   space 95232K, 0% used [0x00000007beb80000,0x00000007beb80000,0x00000007c4880000)
 ParOldGen       total 305152K, used 169165K [0x0000000706600000, 0x0000000719000000, 0x00000007acc80000)
  object space 305152K, 55% used [0x0000000706600000,0x0000000710b337c8,0x0000000719000000)
 PSPermGen       total 46080K, used 23361K [0x0000000701400000, 0x0000000704100000, 0x0000000706600000)
  object space 46080K, 50% used [0x0000000701400000,0x0000000702ad0430,0x0000000704100000)
Event: 6.557 GC heap after
Heap after GC invocations=12 (full 1):
 PSYoungGen      total 389120K, used 81913K [0x00000007acc80000, 0x00000007d2980000, 0x0000000800000000)
  eden space 293888K, 0% used [0x00000007acc80000,0x00000007acc80000,0x00000007beb80000)
  from space 95232K, 86% used [0x00000007beb80000,0x00000007c3b7e588,0x00000007c4880000)
  to   space 105984K, 0% used [0x00000007cc200000,0x00000007cc200000,0x00000007d2980000)
 ParOldGen       total 305152K, used 234408K [0x0000000706600000, 0x0000000719000000, 0x00000007acc80000)
  object space 305152K, 76% used [0x0000000706600000,0x0000000714aea188,0x0000000719000000)
 PSPermGen       total 46080K, used 23361K [0x0000000701400000, 0x0000000704100000, 0x0000000706600000)
  object space 46080K, 50% used [0x0000000701400000,0x0000000702ad0430,0x0000000704100000)
}
Event: 6.734 GC heap before
{Heap before GC invocations=13 (full 1):
 PSYoungGen      total 389120K, used 375801K [0x00000007acc80000, 0x00000007d2980000, 0x0000000800000000)
  eden space 293888K, 100% used [0x00000007acc80000,0x00000007beb80000,0x00000007beb80000)
  from space 95232K, 86% used [0x00000007beb80000,0x00000007c3b7e588,0x00000007c4880000)
  to   space 105984K, 0% used [0x00000007cc200000,0x00000007cc200000,0x00000007d2980000)
 ParOldGen       total 305152K, used 234408K [0x0000000706600000, 0x0000000719000000, 0x00000007acc80000)
  object space 305152K, 76% used [0x0000000706600000,0x0000000714aea188,0x0000000719000000)
 PSPermGen       total 46080K, used 23361K [0x0000000701400000, 0x0000000704100000, 0x0000000706600000)
  object space 46080K, 50% used [0x0000000701400000,0x0000000702ad06a0,0x0000000704100000)
Event: 6.791 GC heap after
Heap after GC invocations=13 (full 1):
 PSYoungGen      total 465408K, used 105952K [0x00000007acc80000, 0x00000007d9780000, 0x0000000800000000)
  eden space 359424K, 0% used [0x00000007acc80000,0x00000007acc80000,0x00000007c2b80000)
  from space 105984K, 99% used [0x00000007cc200000,0x00000007d2978020,0x00000007d2980000)
  to   space 154112K, 0% used [0x00000007c2b80000,0x00000007c2b80000,0x00000007cc200000)
 ParOldGen       total 319488K, used 318000K [0x0000000706600000, 0x0000000719e00000, 0x00000007acc80000)
  object space 319488K, 99% used [0x0000000706600000,0x0000000719c8c1a8,0x0000000719e00000)
 PSPermGen       total 46080K, used 23361K [0x0000000701400000, 0x0000000704100000, 0x0000000706600000)
  object space 46080K, 50% used [0x0000000701400000,0x0000000702ad06a0,0x0000000704100000)
}
Event: 6.791 GC heap before
{Heap before GC invocations=14 (full 2):
 PSYoungGen      total 465408K, used 105952K [0x00000007acc80000, 0x00000007d9780000, 0x0000000800000000)
  eden space 359424K, 0% used [0x00000007acc80000,0x00000007acc80000,0x00000007c2b80000)
  from space 105984K, 99% used [0x00000007cc200000,0x00000007d2978020,0x00000007d2980000)
  to   space 154112K, 0% used [0x00000007c2b80000,0x00000007c2b80000,0x00000007cc200000)
 ParOldGen       total 319488K, used 318000K [0x0000000706600000, 0x0000000719e00000, 0x00000007acc80000)
  object space 319488K, 99% used [0x0000000706600000,0x0000000719c8c1a8,0x0000000719e00000)
 PSPermGen       total 46080K, used 23361K [0x0000000701400000, 0x0000000704100000, 0x0000000706600000)
  object space 46080K, 50% used [0x0000000701400000,0x0000000702ad06a0,0x0000000704100000)
Event: 7.146 GC heap after
Heap after GC invocations=14 (full 2):
 PSYoungGen      total 465408K, used 93374K [0x00000007acc80000, 0x00000007d9780000, 0x0000000800000000)
  eden space 359424K, 0% used [0x00000007acc80000,0x00000007acc80000,0x00000007c2b80000)
  from space 105984K, 88% used [0x00000007cc200000,0x00000007d1d2f910,0x00000007d2980000)
  to   space 154112K, 0% used [0x00000007c2b80000,0x00000007c2b80000,0x00000007cc200000)
 ParOldGen       total 529408K, used 319276K [0x0000000706600000, 0x0000000726b00000, 0x00000007acc80000)
  object space 529408K, 60% used [0x0000000706600000,0x0000000719dcb3d8,0x0000000726b00000)
 PSPermGen       total 52224K, used 23361K [0x0000000701400000, 0x0000000704700000, 0x0000000706600000)
  object space 52224K, 44% used [0x0000000701400000,0x0000000702ad0680,0x0000000704700000)
}
Event: 8.314 GC heap before
{Heap before GC invocations=15 (full 2):
 PSYoungGen      total 465408K, used 452798K [0x00000007acc80000, 0x00000007d9780000, 0x0000000800000000)
  eden space 359424K, 100% used [0x00000007acc80000,0x00000007c2b80000,0x00000007c2b80000)
  from space 105984K, 88% used [0x00000007cc200000,0x00000007d1d2f910,0x00000007d2980000)
  to   space 154112K, 0% used [0x00000007c2b80000,0x00000007c2b80000,0x00000007cc200000)
 ParOldGen       total 529408K, used 319276K [0x0000000706600000, 0x0000000726b00000, 0x00000007acc80000)
  object space 529408K, 60% used [0x0000000706600000,0x0000000719dcb3d8,0x0000000726b00000)
 PSPermGen       total 52224K, used 23432K [0x0000000701400000, 0x0000000704700000, 0x0000000706600000)
  object space 52224K, 44% used [0x0000000701400000,0x0000000702ae2388,0x0000000704700000)
Event: 8.367 GC heap after
Heap after GC invocations=15 (full 2):
 PSYoungGen      total 513536K, used 38250K [0x00000007acc80000, 0x00000007daf80000, 0x0000000800000000)
  eden space 359424K, 0% used [0x00000007acc80000,0x00000007acc80000,0x00000007c2b80000)
  from space 154112K, 24% used [0x00000007c2b80000,0x00000007c50daab0,0x00000007cc200000)
  to   space 147456K, 0% used [0x00000007d1f80000,0x00000007d1f80000,0x00000007daf80000)
 ParOldGen       total 529408K, used 413428K [0x0000000706600000, 0x0000000726b00000, 0x00000007acc80000)
  object space 529408K, 78% used [0x0000000706600000,0x000000071f9bd3d8,0x0000000726b00000)
 PSPermGen       total 52224K, used 23432K [0x0000000701400000, 0x0000000704700000, 0x0000000706600000)
  object space 52224K, 44% used [0x0000000701400000,0x0000000702ae2388,0x0000000704700000)
}
Event: 10.282 GC heap before
{Heap before GC invocations=16 (full 2):
 PSYoungGen      total 513536K, used 397674K [0x00000007acc80000, 0x00000007daf80000, 0x0000000800000000)
  eden space 359424K, 100% used [0x00000007acc80000,0x00000007c2b80000,0x00000007c2b80000)
  from space 154112K, 24% used [0x00000007c2b80000,0x00000007c50daab0,0x00000007cc200000)
  to   space 147456K, 0% used [0x00000007d1f80000,0x00000007d1f80000,0x00000007daf80000)
 ParOldGen       total 529408K, used 413428K [0x0000000706600000, 0x0000000726b00000, 0x00000007acc80000)
  object space 529408K, 78% used [0x0000000706600000,0x000000071f9bd3d8,0x0000000726b00000)
 PSPermGen       total 52224K, used 23471K [0x0000000701400000, 0x0000000704700000, 0x0000000706600000)
  object space 52224K, 44% used [0x0000000701400000,0x0000000702aebe18,0x0000000704700000)
Event: 10.308 GC heap after
Heap after GC invocations=16 (full 2):
 PSYoungGen      total 571392K, used 38218K [0x00000007acc80000, 0x00000007d9700000, 0x0000000800000000)
  eden space 449024K, 0% used [0x00000007acc80000,0x00000007acc80000,0x00000007c8300000)
  from space 122368K, 31% used [0x00000007d1f80000,0x00000007d44d2ab0,0x00000007d9700000)
  to   space 141312K, 0% used [0x00000007c8300000,0x00000007c8300000,0x00000007d0d00000)
 ParOldGen       total 529408K, used 413428K [0x0000000706600000, 0x0000000726b00000, 0x00000007acc80000)
  object space 529408K, 78% used [0x0000000706600000,0x000000071f9bd3d8,0x0000000726b00000)
 PSPermGen       total 52224K, used 23471K [0x0000000701400000, 0x0000000704700000, 0x0000000706600000)
  object space 52224K, 44% used [0x0000000701400000,0x0000000702aebe18,0x0000000704700000)
}

