# JRE version: Java(TM) SE Runtime Environment (8.0_51-b16) (build 1.8.0_51-b16)
# Java VM: Java HotSpot(TM) 64-Bit Server VM (25.51-b03 mixed mode linux-amd64 compressed oops)
Heap:
 PSYoungGen      total 74752K, used 8507K [0x000000076cd00000, 0x0000000772000000, 0x00000007c0000000)
  eden space 64512K, 13% used [0x000000076cd00000,0x000000076d54efa0,0x0000000770c00000)
  from space 10240K, 0% used [0x0000000771600000,0x0000000771600000,0x0000000772000000)
  to   space 10240K, 0% used [0x0000000770c00000,0x0000000770c00000,0x0000000771600000)
 ParOldGen       total 106496K, used 6911K [0x00000006c6600000, 0x00000006cce00000, 0x000000076cd00000)
  object space 106496K, 6% used [0x00000006c6600000,0x00000006c6cbff98,0x00000006cce00000)
 Metaspace       used 21487K, capacity 21666K, committed 21936K, reserved 1069056K
  class space    used 2061K, capacity 2138K, committed 2224K, reserved 1048576K
GC Heap History (6 events):
Event: 1.724 GC heap before
{Heap before GC invocations=1 (full 0):
 PSYoungGen      total 74752K, used 64512K [0x000000076cd00000, 0x0000000772000000, 0x00000007c0000000)
  eden space 64512K, 100% used [0x000000076cd00000,0x0000000770c00000,0x0000000770c00000)
  from space 10240K, 0% used [0x0000000771600000,0x0000000771600000,0x0000000772000000)
  to   space 10240K, 0% used [0x0000000770c00000,0x0000000770c00000,0x0000000771600000)
 ParOldGen       total 171008K, used 0K [0x00000006c6600000, 0x00000006d0d00000, 0x000000076cd00000)
  object space 171008K, 0% used [0x00000006c6600000,0x00000006c6600000,0x00000006d0d00000)
 Metaspace       used 19675K, capacity 19874K, committed 20224K, reserved 1067008K
  class space    used 1855K, capacity 1946K, committed 2048K, reserved 1048576K
Event: 1.731 GC heap after
Heap after GC invocations=1 (full 0):
 PSYoungGen      total 74752K, used 10232K [0x000000076cd00000, 0x0000000772000000, 0x00000007c0000000)
  eden space 64512K, 0% used [0x000000076cd00000,0x000000076cd00000,0x0000000770c00000)
  from space 10240K, 99% used [0x0000000770c00000,0x00000007715fe298,0x0000000771600000)
  to   space 10240K, 0% used [0x0000000771600000,0x0000000771600000,0x0000000772000000)
 ParOldGen       total 171008K, used 190K [0x00000006c6600000, 0x00000006d0d00000, 0x000000076cd00000)
  object space 171008K, 0% used [0x00000006c6600000,0x00000006c662f9f0,0x00000006d0d00000)
 Metaspace       used 19675K, capacity 19874K, committed 20224K, reserved 1067008K
  class space    used 1855K, capacity 1946K, committed 2048K, reserved 1048576K
}
Event: 2.189 GC heap before
{Heap before GC invocations=2 (full 0):
 PSYoungGen      total 74752K, used 24866K [0x000000076cd00000, 0x0000000772000000, 0x00000007c0000000)
  eden space 64512K, 22% used [0x000000076cd00000,0x000000076db4a698,0x0000000770c00000)
  from space 10240K, 99% used [0x0000000770c00000,0x00000007715fe298,0x0000000771600000)
  to   space 10240K, 0% used [0x0000000771600000,0x0000000771600000,0x0000000772000000)
 ParOldGen       total 171008K, used 190K [0x00000006c6600000, 0x00000006d0d00000, 0x000000076cd00000)
  object space 171008K, 0% used [0x00000006c6600000,0x00000006c662f9f0,0x00000006d0d00000)
 Metaspace       used 21000K, capacity 21154K, committed 21296K, reserved 1069056K
  class space    used 1998K, capacity 2074K, committed 2096K, reserved 1048576K
Event: 2.195 GC heap after
Heap after GC invocations=2 (full 0):
 PSYoungGen      total 74752K, used 7238K [0x000000076cd00000, 0x0000000772000000, 0x00000007c0000000)
  eden space 64512K, 0% used [0x000000076cd00000,0x000000076cd00000,0x0000000770c00000)
  from space 10240K, 70% used [0x0000000771600000,0x0000000771d119a0,0x0000000772000000)
  to   space 10240K, 0% used [0x0000000770c00000,0x0000000770c00000,0x0000000771600000)
 ParOldGen       total 171008K, used 198K [0x00000006c6600000, 0x00000006d0d00000, 0x000000076cd00000)
  object space 171008K, 0% used [0x00000006c6600000,0x00000006c66319f0,0x00000006d0d00000)
 Metaspace       used 21000K, capacity 21154K, committed 21296K, reserved 1069056K
  class space    used 1998K, capacity 2074K, committed 2096K, reserved 1048576K
}
Event: 2.195 GC heap before
{Heap before GC invocations=3 (full 1):
 PSYoungGen      total 74752K, used 7238K [0x000000076cd00000, 0x0000000772000000, 0x00000007c0000000)
  eden space 64512K, 0% used [0x000000076cd00000,0x000000076cd00000,0x0000000770c00000)
  from space 10240K, 70% used [0x0000000771600000,0x0000000771d119a0,0x0000000772000000)
  to   space 10240K, 0% used [0x0000000770c00000,0x0000000770c00000,0x0000000771600000)
 ParOldGen       total 171008K, used 198K [0x00000006c6600000, 0x00000006d0d00000, 0x000000076cd00000)
  object space 171008K, 0% used [0x00000006c6600000,0x00000006c66319f0,0x00000006d0d00000)
 Metaspace       used 21000K, capacity 21154K, committed 21296K, reserved 1069056K
  class space    used 1998K, capacity 2074K, committed 2096K, reserved 1048576K
Event: 2.215 GC heap after
Heap after GC invocations=3 (full 1):
 PSYoungGen      total 74752K, used 0K [0x000000076cd00000, 0x0000000772000000, 0x00000007c0000000)
  eden space 64512K, 0% used [0x000000076cd00000,0x000000076cd00000,0x0000000770c00000)
  from space 10240K, 0% used [0x0000000771600000,0x0000000771600000,0x0000000772000000)
  to   space 10240K, 0% used [0x0000000770c00000,0x0000000770c00000,0x0000000771600000)
 ParOldGen       total 106496K, used 6911K [0x00000006c6600000, 0x00000006cce00000, 0x000000076cd00000)
  object space 106496K, 6% used [0x00000006c6600000,0x00000006c6cbff98,0x00000006cce00000)
 Metaspace       used 21000K, capacity 21154K, committed 21296K, reserved 1069056K
  class space    used 1998K, capacity 2074K, committed 2096K, reserved 1048576K
}

